040_skip.s: Assembler messages:
040_skip.s: Warning: end of file not at end of a line; newline inserted
GAS LISTING 040_skip.s 			page 1


   1              	/*
   2              	Illustrates .skip
   3              	*/
   4              	.globl _start
   5              	.data
   6 0000 486900   	     info:    .asciz "Hi"
   7 0003 00000000 	     blank:   .skip 50      #reserves 50 bytes
   7      00000000 
   7      00000000 
   7      00000000 
   7      00000000 
   8 0035 00000000 	     nothing: .skip 50, 0   #reserves 50 bytes and initializes to  "0"
   8      00000000 
   8      00000000 
   8      00000000 
   8      00000000 
   9 0067 0A0A0A0A 	     lotsOfA: .skip 50, 10  #reserves 50 bytes and intitializes to "10"
   9      0A0A0A0A 
   9      0A0A0A0A 
   9      0A0A0A0A 
   9      0A0A0A0A 
  10              	.text
  11              	_start:
  12              	
  13              	
  14              	_exit:
  15 0000 48C7C03C 	  movq $60, %rax
  15      000000
  16 0007 48C7C700 	  movq $0,  %rdi
  16      000000
  17 000e 0F05     	  syscall...
