GAS LISTING 041_noBSS.s 			page 1


   1              	/*
   2              	Illustrates .skip
   3              	*/
   4              	.globl _start
   5              	.data
   6 0000 486900   	     info:      .asciz "Hi"
   7 0003 0B0B0B0B 	     bigBuffer: .skip 4096, 0x0B
   7      0B0B0B0B 
   7      0B0B0B0B 
   7      0B0B0B0B 
   7      0B0B0B0B 
   8              	
   9              	.text
  10              	_start:
  11              	
  12              	
  13              	_exit:
  14 0000 48C7C03C 	  movq $60, %rax
  14      000000
  15 0007 48C7C700 	  movq $0,  %rdi
  15      000000
  16 000e 0F05     	  syscall
